#
# There is insufficient memory for the Java Runtime Environment to continue.
# Native memory allocation (malloc) failed to allocate 447616 bytes for Chunk::new
# Possible reasons:
#   The system is out of physical RAM or swap space
#   The process is running with CompressedOops enabled, and the Java Heap may be blocking the growth of the native heap
# Possible solutions:
#   Reduce memory load on the system
#   Increase physical memory or swap space
#   Check if swap backing store is full
#   Decrease Java heap size (-Xmx/-Xms)
#   Decrease number of Java threads
#   Decrease Java thread stack sizes (-Xss)
#   Set larger code cache with -XX:ReservedCodeCacheSize=
#   JVM is running with Unscaled Compressed Oops mode in which the Java heap is
#     placed in the first 4GB address space. The Java Heap base address is the
#     maximum limit for the native heap growth. Please use -XX:HeapBaseMinAddress
#     to set the Java Heap base and to place the Java Heap above 4GB virtual address.
# This output file may be truncated or incomplete.
#
#  Out of Memory Error (./src/hotspot/share/memory/arena.cpp:197), pid=14140, tid=16072
#
# JRE version: OpenJDK Runtime Environment (11.0.10) (build 11.0.10+0-b96-7249189)
# Java VM: OpenJDK 64-Bit Server VM (11.0.10+0-b96-7249189, mixed mode, tiered, compressed oops, g1 gc, windows-amd64)
# No core dump will be written. Minidumps are not enabled by default on client versions of Windows
#

---------------  S U M M A R Y ------------

Command Line: --add-opens=java.base/java.util=ALL-UNNAMED --add-opens=java.base/java.lang=ALL-UNNAMED --add-opens=java.base/java.lang.invoke=ALL-UNNAMED --add-opens=java.base/java.util=ALL-UNNAMED --add-opens=java.prefs/java.util.prefs=ALL-UNNAMED --add-opens=java.prefs/java.util.prefs=ALL-UNNAMED --add-opens=java.base/java.nio.charset=ALL-UNNAMED --add-opens=java.base/java.net=ALL-UNNAMED --add-opens=java.base/java.util.concurrent.atomic=ALL-UNNAMED -Xmx2048m -Dfile.encoding=UTF-8 -Duser.country=US -Duser.language=en -Duser.variant org.gradle.launcher.daemon.bootstrap.GradleDaemon 7.0.2

Host: Intel(R) Core(TM) i7-8565U CPU @ 1.80GHz, 8 cores, 7G,  Windows 10 , 64 bit Build 19041 (10.0.19041.1348)
Time: Fri Dec 17 23:41:36 2021 Central European Standard Time elapsed time: 19.785306 seconds (0d 0h 0m 19s)

---------------  T H R E A D  ---------------

Current thread (0x0000023652340800):  JavaThread "C2 CompilerThread0" daemon [_thread_in_native, id=16072, stack(0x000000873f400000,0x000000873f500000)]


Current CompileTask:
C2:  19785 7254       4       org.gradle.internal.instantiation.generator.AbstractClassGenerator$DslMixInPropertyType::visitInstanceMethod (104 bytes)

Stack: [0x000000873f400000,0x000000873f500000]
Native frames: (J=compiled Java code, j=interpreted, Vv=VM code, C=native code)
V  [jvm.dll+0x5ecfaa]
V  [jvm.dll+0x722bd5]
V  [jvm.dll+0x72412d]
V  [jvm.dll+0x7247e3]
V  [jvm.dll+0x242928]
V  [jvm.dll+0xbc4fc]
V  [jvm.dll+0xbca0c]
V  [jvm.dll+0x2b4fd4]
V  [jvm.dll+0x506028]
V  [jvm.dll+0x1fcbde]
V  [jvm.dll+0x1fa77f]
V  [jvm.dll+0x18354c]
V  [jvm.dll+0x208ee7]
V  [jvm.dll+0x207731]
V  [jvm.dll+0x6eb1cf]
V  [jvm.dll+0x6e3d45]
V  [jvm.dll+0x5ebe96]
C  [ucrtbase.dll+0x21bb2]
C  [KERNEL32.DLL+0x17034]
C  [ntdll.dll+0x52651]


---------------  P R O C E S S  ---------------

Threads class SMR info:
_java_thread_list=0x00000236554954a0, length=52, elements={
0x0000023637ec2000, 0x0000023652327000, 0x000002365232c800, 0x0000023652ca5800,
0x0000023652ca8000, 0x0000023652ca9000, 0x0000023652340800, 0x000002365234d000,
0x0000023652351800, 0x0000023652e06000, 0x00000236563b4800, 0x0000023655644000,
0x00000236559f9800, 0x0000023655322000, 0x0000023654690800, 0x0000023655337000,
0x0000023655370000, 0x00000236553b6000, 0x0000023655382800, 0x0000023655381000,
0x000002365537f800, 0x000002365537e800, 0x0000023655380000, 0x0000023655382000,
0x000002365537d000, 0x000002365537e000, 0x0000023655383800, 0x00000236557a5800,
0x00000236557a7800, 0x00000236557a6800, 0x00000236557a8000, 0x00000236557a3800,
0x00000236557aa000, 0x00000236557aa800, 0x00000236557a5000, 0x00000236557b0800,
0x00000236557ab800, 0x00000236557ae000, 0x00000236557b1000, 0x00000236557b2000,
0x00000236557ae800, 0x00000236557af800, 0x00000236557ac800, 0x00000236557ad000,
0x0000023656829800, 0x000002365682a800, 0x000002365682d800, 0x0000023656829000,
0x000002365682d000, 0x000002365682b800, 0x0000023659dc7000, 0x00000236566b0000
}

Java Threads: ( => current thread )
  0x0000023637ec2000 JavaThread "main" [_thread_blocked, id=4604, stack(0x000000873e800000,0x000000873e900000)]
  0x0000023652327000 JavaThread "Reference Handler" daemon [_thread_blocked, id=2596, stack(0x000000873ef00000,0x000000873f000000)]
  0x000002365232c800 JavaThread "Finalizer" daemon [_thread_blocked, id=13288, stack(0x000000873f000000,0x000000873f100000)]
  0x0000023652ca5800 JavaThread "Signal Dispatcher" daemon [_thread_blocked, id=5980, stack(0x000000873f100000,0x000000873f200000)]
  0x0000023652ca8000 JavaThread "Attach Listener" daemon [_thread_blocked, id=13496, stack(0x000000873f200000,0x000000873f300000)]
  0x0000023652ca9000 JavaThread "Service Thread" daemon [_thread_blocked, id=2164, stack(0x000000873f300000,0x000000873f400000)]
=>0x0000023652340800 JavaThread "C2 CompilerThread0" daemon [_thread_in_native, id=16072, stack(0x000000873f400000,0x000000873f500000)]
  0x000002365234d000 JavaThread "C1 CompilerThread0" daemon [_thread_blocked, id=4180, stack(0x000000873f500000,0x000000873f600000)]
  0x0000023652351800 JavaThread "Sweeper thread" daemon [_thread_blocked, id=6896, stack(0x000000873f600000,0x000000873f700000)]
  0x0000023652e06000 JavaThread "Common-Cleaner" daemon [_thread_blocked, id=16692, stack(0x000000873f700000,0x000000873f800000)]
  0x00000236563b4800 JavaThread "Daemon health stats" [_thread_blocked, id=13432, stack(0x000000873fd00000,0x000000873fe00000)]
  0x0000023655644000 JavaThread "Incoming local TCP Connector on port 57564" [_thread_in_native, id=8052, stack(0x000000873f900000,0x000000873fa00000)]
  0x00000236559f9800 JavaThread "Daemon periodic checks" [_thread_blocked, id=14180, stack(0x000000873fc00000,0x000000873fd00000)]
  0x0000023655322000 JavaThread "Daemon" [_thread_blocked, id=4472, stack(0x000000873fe00000,0x000000873ff00000)]
  0x0000023654690800 JavaThread "Handler for socket connection from /127.0.0.1:57564 to /127.0.0.1:57565" [_thread_in_native, id=9464, stack(0x000000873ff00000,0x0000008740000000)]
  0x0000023655337000 JavaThread "Cancel handler" [_thread_blocked, id=4248, stack(0x0000008740000000,0x0000008740100000)]
  0x0000023655370000 JavaThread "Daemon worker" [_thread_in_native, id=12272, stack(0x0000008740100000,0x0000008740200000)]
  0x00000236553b6000 JavaThread "Asynchronous log dispatcher for DefaultDaemonConnection: socket connection from /127.0.0.1:57564 to /127.0.0.1:57565" [_thread_blocked, id=16632, stack(0x0000008740300000,0x0000008740400000)]
  0x0000023655382800 JavaThread "Stdin handler" [_thread_blocked, id=236, stack(0x0000008740400000,0x0000008740500000)]
  0x0000023655381000 JavaThread "Daemon client event forwarder" [_thread_blocked, id=1880, stack(0x0000008740500000,0x0000008740600000)]
  0x000002365537f800 JavaThread "Cache worker for file hash cache (C:\Users\Robert\.gradle\caches\7.0.2\fileHashes)" [_thread_blocked, id=3708, stack(0x0000008740b00000,0x0000008740c00000)]
  0x000002365537e800 JavaThread "File lock request listener" [_thread_in_native, id=17584, stack(0x0000008740c00000,0x0000008740d00000)]
  0x0000023655380000 JavaThread "Cache worker for journal cache (C:\Users\Robert\.gradle\caches\journal-1)" [_thread_blocked, id=928, stack(0x0000008740e00000,0x0000008740f00000)]
  0x0000023655382000 JavaThread "Cache worker for file hash cache (C:\Users\Robert\AndroidStudioProjects\Zivototekrug\.gradle\7.0.2\fileHashes)" [_thread_blocked, id=1204, stack(0x0000008740f00000,0x0000008741000000)]
  0x000002365537d000 JavaThread "File watcher server" daemon [_thread_in_native, id=1440, stack(0x0000008741000000,0x0000008741100000)]
  0x000002365537e000 JavaThread "File watcher consumer" daemon [_thread_blocked, id=18896, stack(0x0000008741100000,0x0000008741200000)]
  0x0000023655383800 JavaThread "Cache worker for checksums cache (C:\Users\Robert\AndroidStudioProjects\Zivototekrug\.gradle\checksums)" [_thread_blocked, id=13516, stack(0x0000008740200000,0x0000008740300000)]
  0x00000236557a5800 JavaThread "Cache worker for cache directory md-supplier (C:\Users\Robert\.gradle\caches\7.0.2\md-supplier)" [_thread_blocked, id=12708, stack(0x0000008741200000,0x0000008741300000)]
  0x00000236557a7800 JavaThread "Cache worker for cache directory md-rule (C:\Users\Robert\.gradle\caches\7.0.2\md-rule)" [_thread_blocked, id=9372, stack(0x0000008741400000,0x0000008741500000)]
  0x00000236557a6800 JavaThread "Cache worker for execution history cache (C:\Users\Robert\.gradle\caches\7.0.2\executionHistory)" [_thread_blocked, id=14624, stack(0x0000008741500000,0x0000008741600000)]
  0x00000236557a8000 JavaThread "jar transforms" [_thread_blocked, id=13156, stack(0x0000008741700000,0x0000008741800000)]
  0x00000236557a3800 JavaThread "jar transforms Thread 2" [_thread_blocked, id=10432, stack(0x0000008741800000,0x0000008741900000)]
  0x00000236557aa000 JavaThread "Cache worker for file content cache (C:\Users\Robert\.gradle\caches\7.0.2\fileContent)" [_thread_blocked, id=14236, stack(0x0000008741900000,0x0000008741a00000)]
  0x00000236557aa800 JavaThread "Cache worker for dependencies-accessors (C:\Users\Robert\AndroidStudioProjects\Zivototekrug\.gradle\7.0.2\dependencies-accessors)" [_thread_blocked, id=17636, stack(0x0000008741a00000,0x0000008741b00000)]
  0x00000236557a5000 JavaThread "jar transforms Thread 3" [_thread_blocked, id=19076, stack(0x0000008741b00000,0x0000008741c00000)]
  0x00000236557b0800 JavaThread "Cache worker for Build Output Cleanup Cache (C:\Users\Robert\AndroidStudioProjects\Zivototekrug\.gradle\buildOutputCleanup)" [_thread_blocked, id=19340, stack(0x0000008741c00000,0x0000008741d00000)]
  0x00000236557ab800 JavaThread "Build operations" [_thread_blocked, id=4932, stack(0x0000008741d00000,0x0000008741e00000)]
  0x00000236557ae000 JavaThread "Build operations Thread 2" [_thread_blocked, id=13444, stack(0x0000008741e00000,0x0000008741f00000)]
  0x00000236557b1000 JavaThread "Build operations Thread 3" [_thread_blocked, id=6692, stack(0x0000008741f00000,0x0000008742000000)]
  0x00000236557b2000 JavaThread "Build operations Thread 4" [_thread_blocked, id=15732, stack(0x0000008742000000,0x0000008742100000)]
  0x00000236557ae800 JavaThread "Build operations Thread 5" [_thread_blocked, id=17692, stack(0x0000008742100000,0x0000008742200000)]
  0x00000236557af800 JavaThread "Build operations Thread 6" [_thread_blocked, id=5508, stack(0x0000008742200000,0x0000008742300000)]
  0x00000236557ac800 JavaThread "Build operations Thread 7" [_thread_blocked, id=3400, stack(0x0000008742300000,0x0000008742400000)]
  0x00000236557ad000 JavaThread "Build operations Thread 8" [_thread_blocked, id=15248, stack(0x0000008742400000,0x0000008742500000)]
  0x0000023656829800 JavaThread "jar transforms Thread 4" [_thread_blocked, id=2192, stack(0x0000008741600000,0x0000008741700000)]
  0x000002365682a800 JavaThread "jar transforms Thread 5" [_thread_blocked, id=14496, stack(0x0000008742500000,0x0000008742600000)]
  0x000002365682d800 JavaThread "jar transforms Thread 6" [_thread_blocked, id=9656, stack(0x0000008742600000,0x0000008742700000)]
  0x0000023656829000 JavaThread "jar transforms Thread 7" [_thread_blocked, id=18336, stack(0x0000008742700000,0x0000008742800000)]
  0x000002365682d000 JavaThread "jar transforms Thread 8" [_thread_blocked, id=10688, stack(0x0000008742800000,0x0000008742900000)]
  0x000002365682b800 JavaThread "Memory manager" [_thread_blocked, id=5124, stack(0x0000008742900000,0x0000008742a00000)]
  0x0000023659dc7000 JavaThread "C2 CompilerThread1" daemon [_thread_in_native, id=12380, stack(0x0000008741300000,0x0000008741400000)]
  0x00000236566b0000 JavaThread "C2 CompilerThread2" daemon [_thread_in_native, id=16340, stack(0x0000008742a00000,0x0000008742b00000)]

Other Threads:
  0x0000023652322800 VMThread "VM Thread" [stack: 0x000000873ee00000,0x000000873ef00000] [id=16040]
  0x0000023652e1f000 WatcherThread [stack: 0x000000873f800000,0x000000873f900000] [id=12792]
  0x0000023637ede800 GCTaskThread "GC Thread#0" [stack: 0x000000873e900000,0x000000873ea00000] [id=2836]
  0x00000236538a8800 GCTaskThread "GC Thread#1" [stack: 0x000000873fa00000,0x000000873fb00000] [id=19008]
  0x00000236538a9000 GCTaskThread "GC Thread#2" [stack: 0x000000873fb00000,0x000000873fc00000] [id=14284]
  0x0000023654cd9000 GCTaskThread "GC Thread#3" [stack: 0x0000008740600000,0x0000008740700000] [id=17752]
  0x00000236553d3000 GCTaskThread "GC Thread#4" [stack: 0x0000008740700000,0x0000008740800000] [id=10372]
  0x0000023654c45000 GCTaskThread "GC Thread#5" [stack: 0x0000008740800000,0x0000008740900000] [id=7080]
  0x0000023654d3f800 GCTaskThread "GC Thread#6" [stack: 0x0000008740900000,0x0000008740a00000] [id=16312]
  0x0000023654d40000 GCTaskThread "GC Thread#7" [stack: 0x0000008740a00000,0x0000008740b00000] [id=9028]
  0x0000023637f0f000 ConcurrentGCThread "G1 Main Marker" [stack: 0x000000873ea00000,0x000000873eb00000] [id=6832]
  0x0000023637f10800 ConcurrentGCThread "G1 Conc#0" [stack: 0x000000873eb00000,0x000000873ec00000] [id=12392]
  0x00000236559e3000 ConcurrentGCThread "G1 Conc#1" [stack: 0x0000008740d00000,0x0000008740e00000] [id=18604]
  0x0000023637f9e800 ConcurrentGCThread "G1 Refine#0" [stack: 0x000000873ec00000,0x000000873ed00000] [id=17384]
  0x0000023652172800 ConcurrentGCThread "G1 Young RemSet Sampling" [stack: 0x000000873ed00000,0x000000873ee00000] [id=1800]

Threads with active compile tasks:
C2 CompilerThread0  20064 7254       4       org.gradle.internal.instantiation.generator.AbstractClassGenerator$DslMixInPropertyType::visitInstanceMethod (104 bytes)
C2 CompilerThread1  20064 7267 %     4       org.gradle.internal.instantiation.generator.AbstractClassGenerator::inspectType @ 250 (560 bytes)
C2 CompilerThread2  20064 7293       4       sun.reflect.generics.visitor.Reifier::visitClassTypeSignature (381 bytes)

VM state:not at safepoint (normal execution)

VM Mutex/Monitor currently owned by a thread: None

Heap address: 0x0000000080000000, size: 2048 MB, Compressed Oops mode: 32-bit
Narrow klass base: 0x0000000000000000, Narrow klass shift: 3
Compressed class space size: 1073741824 Address: 0x0000000100000000

Heap:
 garbage-first heap   total 155648K, used 78491K [0x0000000080000000, 0x0000000100000000)
  region size 1024K, 26 young (26624K), 7 survivors (7168K)
 Metaspace       used 75376K, capacity 77157K, committed 77388K, reserved 1118208K
  class space    used 9849K, capacity 10500K, committed 10572K, reserved 1048576K
Heap Regions: E=young(eden), S=young(survivor), O=old, HS=humongous(starts), HC=humongous(continues), CS=collection set, F=free, A=archive, TAMS=top-at-mark-start (previous, next)
|   0|0x0000000080000000, 0x0000000080100000, 0x0000000080100000|100%| O|  |TAMS 0x0000000080100000, 0x0000000080000000| Untracked 
|   1|0x0000000080100000, 0x0000000080200000, 0x0000000080200000|100%| O|  |TAMS 0x0000000080200000, 0x0000000080100000| Untracked 
|   2|0x0000000080200000, 0x0000000080300000, 0x0000000080300000|100%| O|  |TAMS 0x0000000080300000, 0x0000000080200000| Untracked 
|   3|0x0000000080300000, 0x0000000080400000, 0x0000000080400000|100%|HS|  |TAMS 0x0000000080400000, 0x0000000080300000| Complete 
|   4|0x0000000080400000, 0x0000000080500000, 0x0000000080500000|100%|HC|  |TAMS 0x0000000080500000, 0x0000000080400000| Complete 
|   5|0x0000000080500000, 0x0000000080600000, 0x0000000080600000|100%|HC|  |TAMS 0x0000000080600000, 0x0000000080500000| Complete 
|   6|0x0000000080600000, 0x0000000080700000, 0x0000000080700000|100%| O|  |TAMS 0x0000000080700000, 0x0000000080600000| Untracked 
|   7|0x0000000080700000, 0x0000000080800000, 0x0000000080800000|100%| O|  |TAMS 0x0000000080800000, 0x0000000080700000| Untracked 
|   8|0x0000000080800000, 0x0000000080900000, 0x0000000080900000|100%| O|  |TAMS 0x0000000080900000, 0x0000000080800000| Untracked 
|   9|0x0000000080900000, 0x0000000080a00000, 0x0000000080a00000|100%| O|  |TAMS 0x0000000080a00000, 0x0000000080900000| Untracked 
|  10|0x0000000080a00000, 0x0000000080b00000, 0x0000000080b00000|100%| O|  |TAMS 0x0000000080b00000, 0x0000000080a00000| Untracked 
|  11|0x0000000080b00000, 0x0000000080c00000, 0x0000000080c00000|100%| O|  |TAMS 0x0000000080c00000, 0x0000000080b00000| Untracked 
|  12|0x0000000080c00000, 0x0000000080d00000, 0x0000000080d00000|100%| O|  |TAMS 0x0000000080d00000, 0x0000000080c00000| Untracked 
|  13|0x0000000080d00000, 0x0000000080e00000, 0x0000000080e00000|100%| O|  |TAMS 0x0000000080e00000, 0x0000000080d00000| Untracked 
|  14|0x0000000080e00000, 0x0000000080f00000, 0x0000000080f00000|100%| O|  |TAMS 0x0000000080f00000, 0x0000000080e00000| Untracked 
|  15|0x0000000080f00000, 0x0000000081000000, 0x0000000081000000|100%| O|  |TAMS 0x0000000081000000, 0x0000000080f00000| Untracked 
|  16|0x0000000081000000, 0x0000000081100000, 0x0000000081100000|100%| O|  |TAMS 0x0000000081100000, 0x0000000081000000| Untracked 
|  17|0x0000000081100000, 0x0000000081200000, 0x0000000081200000|100%| O|  |TAMS 0x0000000081200000, 0x0000000081100000| Untracked 
|  18|0x0000000081200000, 0x0000000081300000, 0x0000000081300000|100%| O|  |TAMS 0x0000000081300000, 0x0000000081200000| Untracked 
|  19|0x0000000081300000, 0x0000000081400000, 0x0000000081400000|100%| O|  |TAMS 0x0000000081400000, 0x0000000081300000| Untracked 
|  20|0x0000000081400000, 0x0000000081500000, 0x0000000081500000|100%| O|  |TAMS 0x0000000081500000, 0x0000000081400000| Untracked 
|  21|0x0000000081500000, 0x0000000081600000, 0x0000000081600000|100%| O|  |TAMS 0x0000000081600000, 0x0000000081500000| Untracked 
|  22|0x0000000081600000, 0x0000000081700000, 0x0000000081700000|100%| O|  |TAMS 0x0000000081700000, 0x0000000081600000| Untracked 
|  23|0x0000000081700000, 0x0000000081800000, 0x0000000081800000|100%| O|  |TAMS 0x0000000081800000, 0x0000000081700000| Untracked 
|  24|0x0000000081800000, 0x0000000081900000, 0x0000000081900000|100%| O|  |TAMS 0x0000000081900000, 0x0000000081800000| Untracked 
|  25|0x0000000081900000, 0x0000000081a00000, 0x0000000081a00000|100%| O|  |TAMS 0x0000000081a00000, 0x0000000081900000| Untracked 
|  26|0x0000000081a00000, 0x0000000081b00000, 0x0000000081b00000|100%|HS|  |TAMS 0x0000000081b00000, 0x0000000081a00000| Complete 
|  27|0x0000000081b00000, 0x0000000081c00000, 0x0000000081c00000|100%|HS|  |TAMS 0x0000000081c00000, 0x0000000081b00000| Complete 
|  28|0x0000000081c00000, 0x0000000081d00000, 0x0000000081d00000|100%|HS|  |TAMS 0x0000000081d00000, 0x0000000081c00000| Complete 
|  29|0x0000000081d00000, 0x0000000081e00000, 0x0000000081e00000|100%|HC|  |TAMS 0x0000000081e00000, 0x0000000081d00000| Complete 
|  30|0x0000000081e00000, 0x0000000081f00000, 0x0000000081f00000|100%| O|  |TAMS 0x0000000081f00000, 0x0000000081e00000| Untracked 
|  31|0x0000000081f00000, 0x0000000082000000, 0x0000000082000000|100%| O|  |TAMS 0x0000000082000000, 0x0000000081f00000| Untracked 
|  32|0x0000000082000000, 0x0000000082100000, 0x0000000082100000|100%| O|  |TAMS 0x0000000082100000, 0x0000000082000000| Untracked 
|  33|0x0000000082100000, 0x0000000082200000, 0x0000000082200000|100%| O|  |TAMS 0x0000000082200000, 0x0000000082100000| Untracked 
|  34|0x0000000082200000, 0x0000000082300000, 0x0000000082300000|100%| O|  |TAMS 0x0000000082300000, 0x0000000082200000| Untracked 
|  35|0x0000000082300000, 0x0000000082400000, 0x0000000082400000|100%| O|  |TAMS 0x0000000082400000, 0x0000000082300000| Untracked 
|  36|0x0000000082400000, 0x0000000082500000, 0x0000000082500000|100%| O|  |TAMS 0x0000000082500000, 0x0000000082400000| Untracked 
|  37|0x0000000082500000, 0x0000000082600000, 0x0000000082600000|100%| O|  |TAMS 0x0000000082600000, 0x0000000082500000| Untracked 
|  38|0x0000000082600000, 0x0000000082700000, 0x0000000082700000|100%| O|  |TAMS 0x0000000082700000, 0x0000000082600000| Untracked 
|  39|0x0000000082700000, 0x0000000082800000, 0x0000000082800000|100%| O|  |TAMS 0x0000000082800000, 0x0000000082700000| Untracked 
|  40|0x0000000082800000, 0x0000000082900000, 0x0000000082900000|100%| O|  |TAMS 0x0000000082900000, 0x0000000082800000| Untracked 
|  41|0x0000000082900000, 0x0000000082a00000, 0x0000000082a00000|100%| O|  |TAMS 0x0000000082a00000, 0x0000000082900000| Untracked 
|  42|0x0000000082a00000, 0x0000000082b00000, 0x0000000082b00000|100%| O|  |TAMS 0x0000000082aeea00, 0x0000000082a00000| Untracked 
|  43|0x0000000082b00000, 0x0000000082c00000, 0x0000000082c00000|100%| O|  |TAMS 0x0000000082b00000, 0x0000000082b00000| Untracked 
|  44|0x0000000082c00000, 0x0000000082d00000, 0x0000000082d00000|100%| O|  |TAMS 0x0000000082c00000, 0x0000000082c00000| Untracked 
|  45|0x0000000082d00000, 0x0000000082e00000, 0x0000000082e00000|100%| O|  |TAMS 0x0000000082d00000, 0x0000000082d00000| Untracked 
|  46|0x0000000082e00000, 0x0000000082f00000, 0x0000000082f00000|100%| O|  |TAMS 0x0000000082e00000, 0x0000000082e00000| Untracked 
|  47|0x0000000082f00000, 0x0000000083000000, 0x0000000083000000|100%| O|  |TAMS 0x0000000082f00000, 0x0000000082f00000| Untracked 
|  48|0x0000000083000000, 0x0000000083100000, 0x0000000083100000|100%| O|  |TAMS 0x0000000083000000, 0x0000000083000000| Untracked 
|  49|0x0000000083100000, 0x0000000083200000, 0x0000000083200000|100%| O|  |TAMS 0x0000000083100000, 0x0000000083100000| Untracked 
|  50|0x0000000083200000, 0x0000000083300000, 0x0000000083300000|100%| O|  |TAMS 0x0000000083200000, 0x0000000083200000| Untracked 
|  51|0x0000000083300000, 0x00000000833a6e00, 0x0000000083400000| 65%| O|  |TAMS 0x0000000083300000, 0x0000000083300000| Untracked 
|  52|0x0000000083400000, 0x0000000083400000, 0x0000000083500000|  0%| F|  |TAMS 0x0000000083400000, 0x0000000083400000| Untracked 
|  53|0x0000000083500000, 0x0000000083500000, 0x0000000083600000|  0%| F|  |TAMS 0x0000000083500000, 0x0000000083500000| Untracked 
|  54|0x0000000083600000, 0x0000000083600000, 0x0000000083700000|  0%| F|  |TAMS 0x0000000083600000, 0x0000000083600000| Untracked 
|  55|0x0000000083700000, 0x0000000083700000, 0x0000000083800000|  0%| F|  |TAMS 0x0000000083700000, 0x0000000083700000| Untracked 
|  56|0x0000000083800000, 0x0000000083800000, 0x0000000083900000|  0%| F|  |TAMS 0x0000000083800000, 0x0000000083800000| Untracked 
|  57|0x0000000083900000, 0x0000000083900000, 0x0000000083a00000|  0%| F|  |TAMS 0x0000000083900000, 0x0000000083900000| Untracked 
|  58|0x0000000083a00000, 0x0000000083a00000, 0x0000000083b00000|  0%| F|  |TAMS 0x0000000083a00000, 0x0000000083a00000| Untracked 
|  59|0x0000000083b00000, 0x0000000083b00000, 0x0000000083c00000|  0%| F|  |TAMS 0x0000000083b00000, 0x0000000083b00000| Untracked 
|  60|0x0000000083c00000, 0x0000000083c00000, 0x0000000083d00000|  0%| F|  |TAMS 0x0000000083c00000, 0x0000000083c00000| Untracked 
|  61|0x0000000083d00000, 0x0000000083d00000, 0x0000000083e00000|  0%| F|  |TAMS 0x0000000083d00000, 0x0000000083d00000| Untracked 
|  62|0x0000000083e00000, 0x0000000083e00000, 0x0000000083f00000|  0%| F|  |TAMS 0x0000000083e00000, 0x0000000083e00000| Untracked 
|  63|0x0000000083f00000, 0x0000000083f00000, 0x0000000084000000|  0%| F|  |TAMS 0x0000000083f00000, 0x0000000083f00000| Untracked 
|  64|0x0000000084000000, 0x0000000084000000, 0x0000000084100000|  0%| F|  |TAMS 0x0000000084000000, 0x0000000084000000| Untracked 
|  65|0x0000000084100000, 0x0000000084100000, 0x0000000084200000|  0%| F|  |TAMS 0x0000000084100000, 0x0000000084100000| Untracked 
|  66|0x0000000084200000, 0x0000000084200000, 0x0000000084300000|  0%| F|  |TAMS 0x0000000084200000, 0x0000000084200000| Untracked 
|  67|0x0000000084300000, 0x0000000084300000, 0x0000000084400000|  0%| F|  |TAMS 0x0000000084300000, 0x0000000084300000| Untracked 
|  68|0x0000000084400000, 0x0000000084400000, 0x0000000084500000|  0%| F|  |TAMS 0x0000000084400000, 0x0000000084400000| Untracked 
|  69|0x0000000084500000, 0x0000000084500000, 0x0000000084600000|  0%| F|  |TAMS 0x0000000084500000, 0x0000000084500000| Untracked 
|  70|0x0000000084600000, 0x0000000084600000, 0x0000000084700000|  0%| F|  |TAMS 0x0000000084600000, 0x0000000084600000| Untracked 
|  71|0x0000000084700000, 0x0000000084700000, 0x0000000084800000|  0%| F|  |TAMS 0x0000000084700000, 0x0000000084700000| Untracked 
|  72|0x0000000084800000, 0x0000000084800000, 0x0000000084900000|  0%| F|  |TAMS 0x0000000084800000, 0x0000000084800000| Untracked 
|  73|0x0000000084900000, 0x0000000084900000, 0x0000000084a00000|  0%| F|  |TAMS 0x0000000084900000, 0x0000000084900000| Untracked 
|  74|0x0000000084a00000, 0x0000000084a00000, 0x0000000084b00000|  0%| F|  |TAMS 0x0000000084a00000, 0x0000000084a00000| Untracked 
|  75|0x0000000084b00000, 0x0000000084b00000, 0x0000000084c00000|  0%| F|  |TAMS 0x0000000084b00000, 0x0000000084b00000| Untracked 
|  76|0x0000000084c00000, 0x0000000084c00000, 0x0000000084d00000|  0%| F|  |TAMS 0x0000000084c00000, 0x0000000084c00000| Untracked 
|  77|0x0000000084d00000, 0x0000000084d00000, 0x0000000084e00000|  0%| F|  |TAMS 0x0000000084d00000, 0x0000000084d00000| Untracked 
|  78|0x0000000084e00000, 0x0000000084e00000, 0x0000000084f00000|  0%| F|  |TAMS 0x0000000084e00000, 0x0000000084e00000| Untracked 
|  79|0x0000000084f00000, 0x0000000084f00000, 0x0000000085000000|  0%| F|  |TAMS 0x0000000084f00000, 0x0000000084f00000| Untracked 
|  80|0x0000000085000000, 0x0000000085000000, 0x0000000085100000|  0%| F|  |TAMS 0x0000000085000000, 0x0000000085000000| Untracked 
|  81|0x0000000085100000, 0x0000000085100000, 0x0000000085200000|  0%| F|  |TAMS 0x0000000085100000, 0x0000000085100000| Untracked 
|  82|0x0000000085200000, 0x0000000085200000, 0x0000000085300000|  0%| F|  |TAMS 0x0000000085200000, 0x0000000085200000| Untracked 
|  83|0x0000000085300000, 0x0000000085300000, 0x0000000085400000|  0%| F|  |TAMS 0x0000000085300000, 0x0000000085300000| Untracked 
|  84|0x0000000085400000, 0x0000000085500000, 0x0000000085500000|100%| S|CS|TAMS 0x0000000085400000, 0x0000000085400000| Complete 
|  85|0x0000000085500000, 0x0000000085600000, 0x0000000085600000|100%| S|CS|TAMS 0x0000000085500000, 0x0000000085500000| Complete 
|  86|0x0000000085600000, 0x0000000085700000, 0x0000000085700000|100%| S|CS|TAMS 0x0000000085600000, 0x0000000085600000| Complete 
|  87|0x0000000085700000, 0x0000000085800000, 0x0000000085800000|100%| S|CS|TAMS 0x0000000085700000, 0x0000000085700000| Complete 
|  88|0x0000000085800000, 0x0000000085900000, 0x0000000085900000|100%| S|CS|TAMS 0x0000000085800000, 0x0000000085800000| Complete 
|  89|0x0000000085900000, 0x0000000085a00000, 0x0000000085a00000|100%| S|CS|TAMS 0x0000000085900000, 0x0000000085900000| Complete 
|  90|0x0000000085a00000, 0x0000000085b00000, 0x0000000085b00000|100%| S|CS|TAMS 0x0000000085a00000, 0x0000000085a00000| Complete 
|  91|0x0000000085b00000, 0x0000000085b00000, 0x0000000085c00000|  0%| F|  |TAMS 0x0000000085b00000, 0x0000000085b00000| Untracked 
|  92|0x0000000085c00000, 0x0000000085c00000, 0x0000000085d00000|  0%| F|  |TAMS 0x0000000085c00000, 0x0000000085c00000| Untracked 
|  93|0x0000000085d00000, 0x0000000085d00000, 0x0000000085e00000|  0%| F|  |TAMS 0x0000000085d00000, 0x0000000085d00000| Untracked 
|  94|0x0000000085e00000, 0x0000000085e00000, 0x0000000085f00000|  0%| F|  |TAMS 0x0000000085e00000, 0x0000000085e00000| Untracked 
|  95|0x0000000085f00000, 0x0000000085f00000, 0x0000000086000000|  0%| F|  |TAMS 0x0000000085f00000, 0x0000000085f00000| Untracked 
|  96|0x0000000086000000, 0x0000000086000000, 0x0000000086100000|  0%| F|  |TAMS 0x0000000086000000, 0x0000000086000000| Untracked 
|  97|0x0000000086100000, 0x0000000086100000, 0x0000000086200000|  0%| F|  |TAMS 0x0000000086100000, 0x0000000086100000| Untracked 
|  98|0x0000000086200000, 0x0000000086200000, 0x0000000086300000|  0%| F|  |TAMS 0x0000000086200000, 0x0000000086200000| Untracked 
|  99|0x0000000086300000, 0x0000000086300000, 0x0000000086400000|  0%| F|  |TAMS 0x0000000086300000, 0x0000000086300000| Untracked 
| 100|0x0000000086400000, 0x0000000086400000, 0x0000000086500000|  0%| F|  |TAMS 0x0000000086400000, 0x0000000086400000| Untracked 
| 101|0x0000000086500000, 0x0000000086500000, 0x0000000086600000|  0%| F|  |TAMS 0x0000000086500000, 0x0000000086500000| Untracked 
| 102|0x0000000086600000, 0x0000000086600000, 0x0000000086700000|  0%| F|  |TAMS 0x0000000086600000, 0x0000000086600000| Untracked 
| 103|0x0000000086700000, 0x0000000086700000, 0x0000000086800000|  0%| F|  |TAMS 0x0000000086700000, 0x0000000086700000| Untracked 
| 104|0x0000000086800000, 0x0000000086800000, 0x0000000086900000|  0%| F|  |TAMS 0x0000000086800000, 0x0000000086800000| Untracked 
| 105|0x0000000086900000, 0x0000000086900000, 0x0000000086a00000|  0%| F|  |TAMS 0x0000000086900000, 0x0000000086900000| Untracked 
| 106|0x0000000086a00000, 0x0000000086a00000, 0x0000000086b00000|  0%| F|  |TAMS 0x0000000086a00000, 0x0000000086a00000| Untracked 
| 107|0x0000000086b00000, 0x0000000086b00000, 0x0000000086c00000|  0%| F|  |TAMS 0x0000000086b00000, 0x0000000086b00000| Untracked 
| 108|0x0000000086c00000, 0x0000000086c00000, 0x0000000086d00000|  0%| F|  |TAMS 0x0000000086c00000, 0x0000000086c00000| Untracked 
| 109|0x0000000086d00000, 0x0000000086d00000, 0x0000000086e00000|  0%| F|  |TAMS 0x0000000086d00000, 0x0000000086d00000| Untracked 
| 110|0x0000000086e00000, 0x0000000086e00000, 0x0000000086f00000|  0%| F|  |TAMS 0x0000000086e00000, 0x0000000086e00000| Untracked 
| 111|0x0000000086f00000, 0x0000000086f00000, 0x0000000087000000|  0%| F|  |TAMS 0x0000000086f00000, 0x0000000086f00000| Untracked 
| 112|0x0000000087000000, 0x0000000087000000, 0x0000000087100000|  0%| F|  |TAMS 0x0000000087000000, 0x0000000087000000| Untracked 
| 113|0x0000000087100000, 0x0000000087100000, 0x0000000087200000|  0%| F|  |TAMS 0x0000000087100000, 0x0000000087100000| Untracked 
| 114|0x0000000087200000, 0x0000000087200000, 0x0000000087300000|  0%| F|  |TAMS 0x0000000087200000, 0x0000000087200000| Untracked 
| 115|0x0000000087300000, 0x0000000087300000, 0x0000000087400000|  0%| F|  |TAMS 0x0000000087300000, 0x0000000087300000| Untracked 
| 116|0x0000000087400000, 0x0000000087400000, 0x0000000087500000|  0%| F|  |TAMS 0x0000000087400000, 0x0000000087400000| Untracked 
| 117|0x0000000087500000, 0x0000000087500000, 0x0000000087600000|  0%| F|  |TAMS 0x0000000087500000, 0x0000000087500000| Untracked 
| 118|0x0000000087600000, 0x0000000087600000, 0x0000000087700000|  0%| F|  |TAMS 0x0000000087600000, 0x0000000087600000| Untracked 
| 119|0x0000000087700000, 0x0000000087700000, 0x0000000087800000|  0%| F|  |TAMS 0x0000000087700000, 0x0000000087700000| Untracked 
| 120|0x0000000087800000, 0x0000000087800000, 0x0000000087900000|  0%| F|  |TAMS 0x0000000087800000, 0x0000000087800000| Untracked 
| 121|0x0000000087900000, 0x0000000087900000, 0x0000000087a00000|  0%| F|  |TAMS 0x0000000087900000, 0x0000000087900000| Untracked 
| 122|0x0000000087a00000, 0x0000000087a00000, 0x0000000087b00000|  0%| F|  |TAMS 0x0000000087a00000, 0x0000000087a00000| Untracked 
| 123|0x0000000087b00000, 0x0000000087b00000, 0x0000000087c00000|  0%| F|  |TAMS 0x0000000087b00000, 0x0000000087b00000| Untracked 
| 124|0x0000000087c00000, 0x0000000087c00000, 0x0000000087d00000|  0%| F|  |TAMS 0x0000000087c00000, 0x0000000087c00000| Untracked 
| 125|0x0000000087d00000, 0x0000000087d00000, 0x0000000087e00000|  0%| F|  |TAMS 0x0000000087d00000, 0x0000000087d00000| Untracked 
| 126|0x0000000087e00000, 0x0000000087e00000, 0x0000000087f00000|  0%| F|  |TAMS 0x0000000087e00000, 0x0000000087e00000| Untracked 
| 127|0x0000000087f00000, 0x0000000087f00000, 0x0000000088000000|  0%| F|  |TAMS 0x0000000087f00000, 0x0000000087f00000| Untracked 
| 128|0x0000000088000000, 0x0000000088000000, 0x0000000088100000|  0%| F|  |TAMS 0x0000000088000000, 0x0000000088000000| Untracked 
| 129|0x0000000088100000, 0x0000000088100000, 0x0000000088200000|  0%| F|  |TAMS 0x0000000088100000, 0x0000000088100000| Untracked 
| 130|0x0000000088200000, 0x0000000088200000, 0x0000000088300000|  0%| F|  |TAMS 0x0000000088200000, 0x0000000088200000| Untracked 
| 131|0x0000000088300000, 0x0000000088300000, 0x0000000088400000|  0%| F|  |TAMS 0x0000000088300000, 0x0000000088300000| Untracked 
| 132|0x0000000088400000, 0x0000000088400000, 0x0000000088500000|  0%| F|  |TAMS 0x0000000088400000, 0x0000000088400000| Untracked 
| 133|0x0000000088500000, 0x0000000088580800, 0x0000000088600000| 50%| E|  |TAMS 0x0000000088500000, 0x0000000088500000| Complete 
| 134|0x0000000088600000, 0x0000000088700000, 0x0000000088700000|100%| E|CS|TAMS 0x0000000088600000, 0x0000000088600000| Complete 
| 135|0x0000000088700000, 0x0000000088800000, 0x0000000088800000|100%| E|CS|TAMS 0x0000000088700000, 0x0000000088700000| Complete 
| 136|0x0000000088800000, 0x0000000088900000, 0x0000000088900000|100%| E|CS|TAMS 0x0000000088800000, 0x0000000088800000| Complete 
| 137|0x0000000088900000, 0x0000000088a00000, 0x0000000088a00000|100%| E|CS|TAMS 0x0000000088900000, 0x0000000088900000| Complete 
| 138|0x0000000088a00000, 0x0000000088b00000, 0x0000000088b00000|100%| E|CS|TAMS 0x0000000088a00000, 0x0000000088a00000| Complete 
| 139|0x0000000088b00000, 0x0000000088c00000, 0x0000000088c00000|100%| E|CS|TAMS 0x0000000088b00000, 0x0000000088b00000| Complete 
| 140|0x0000000088c00000, 0x0000000088d00000, 0x0000000088d00000|100%| E|CS|TAMS 0x0000000088c00000, 0x0000000088c00000| Complete 
| 141|0x0000000088d00000, 0x0000000088e00000, 0x0000000088e00000|100%| E|CS|TAMS 0x0000000088d00000, 0x0000000088d00000| Complete 
| 142|0x0000000088e00000, 0x0000000088f00000, 0x0000000088f00000|100%| E|CS|TAMS 0x0000000088e00000, 0x0000000088e00000| Complete 
| 143|0x0000000088f00000, 0x0000000089000000, 0x0000000089000000|100%| E|CS|TAMS 0x0000000088f00000, 0x0000000088f00000| Complete 
| 144|0x0000000089000000, 0x0000000089100000, 0x0000000089100000|100%| E|CS|TAMS 0x0000000089000000, 0x0000000089000000| Complete 
| 145|0x0000000089100000, 0x0000000089200000, 0x0000000089200000|100%| E|CS|TAMS 0x0000000089100000, 0x0000000089100000| Complete 
| 146|0x0000000089200000, 0x0000000089300000, 0x0000000089300000|100%| E|CS|TAMS 0x0000000089200000, 0x0000000089200000| Complete 
| 147|0x0000000089300000, 0x0000000089400000, 0x0000000089400000|100%| E|CS|TAMS 0x0000000089300000, 0x0000000089300000| Complete 
| 148|0x0000000089400000, 0x0000000089500000, 0x0000000089500000|100%| E|CS|TAMS 0x0000000089400000, 0x0000000089400000| Complete 
| 149|0x0000000089500000, 0x0000000089600000, 0x0000000089600000|100%| E|CS|TAMS 0x0000000089500000, 0x0000000089500000| Complete 
| 150|0x0000000089600000, 0x0000000089700000, 0x0000000089700000|100%| E|CS|TAMS 0x0000000089600000, 0x0000000089600000| Complete 
| 151|0x0000000089700000, 0x0000000089800000, 0x0000000089800000|100%| E|CS|TAMS 0x0000000089700000, 0x0000000089700000| Complete 

Card table byte_map: [0x000002364b0e0000,0x000002364b4e0000] _byte_map_base: 0x000002364ace0000

Marking Bits (Prev, Next): (CMBitMap*) 0x0000023637f06168, (CMBitMap*) 0x0000023637f061a0
 Prev Bits: [0x000002364b8e0000, 0x000002364d8e0000)
 Next Bits: [0x000002364d8e0000, 0x000002364f8e0000)

Polling page: 0x0000023635ea0000

Metaspace:

Usage:
  Non-class:     65.09 MB capacity,    63.99 MB ( 98%) used,   941.58 KB (  1%) free+waste,   188.44 KB ( <1%) overhead. 
      Class:     10.25 MB capacity,     9.62 MB ( 94%) used,   562.34 KB (  5%) free+waste,    88.06 KB ( <1%) overhead. 
       Both:     75.35 MB capacity,    73.61 MB ( 98%) used,     1.47 MB (  2%) free+waste,   276.50 KB ( <1%) overhead. 

Virtual space:
  Non-class space:       68.00 MB reserved,      65.25 MB ( 96%) committed 
      Class space:        1.00 GB reserved,      10.32 MB (  1%) committed 
             Both:        1.07 GB reserved,      75.57 MB (  7%) committed 

Chunk freelists:
   Non-Class:  31.00 KB
       Class:  28.00 KB
        Both:  59.00 KB

MaxMetaspaceSize: 17179869184.00 GB
CompressedClassSpaceSize: 1.00 GB

CodeHeap 'non-profiled nmethods': size=120000Kb used=4562Kb max_used=4562Kb free=115437Kb
 bounds [0x0000023643480000, 0x0000023643900000, 0x000002364a9b0000]
CodeHeap 'profiled nmethods': size=120000Kb used=15546Kb max_used=15546Kb free=104453Kb
 bounds [0x000002363bf50000, 0x000002363ce80000, 0x0000023643480000]
CodeHeap 'non-nmethods': size=5760Kb used=2269Kb max_used=2308Kb free=3490Kb
 bounds [0x000002363b9b0000, 0x000002363bc20000, 0x000002363bf50000]
 total_blobs=8097 nmethods=7230 adapters=778
 compilation: enabled
              stopped_count=0, restarted_count=0
 full_count=0

Compilation events (20 events):
Event: 19.762 Thread 0x000002365234d000 7263       3       java.util.TreeSet::iterator (15 bytes)
Event: 19.762 Thread 0x000002365234d000 nmethod 7263 0x000002363ce63490 code [0x000002363ce63660, 0x000002363ce638d8]
Event: 19.765 Thread 0x000002365234d000 7266       3       jdk.internal.org.objectweb.asm.ClassReader::readShort (27 bytes)
Event: 19.766 Thread 0x000002365234d000 nmethod 7266 0x000002363ce63a10 code [0x000002363ce63bc0, 0x000002363ce63d38]
Event: 19.772 Thread 0x000002365234d000 7268       1       org.gradle.api.services.internal.BuildServiceProvider::getType (5 bytes)
Event: 19.772 Thread 0x000002365234d000 nmethod 7268 0x00000236438ed090 code [0x00000236438ed240, 0x00000236438ed2f8]
Event: 19.773 Thread 0x000002365234d000 7269       3       org.gradle.api.internal.provider.ValueSupplier$Present::pushWhenMissing (2 bytes)
Event: 19.773 Thread 0x000002365234d000 nmethod 7269 0x000002363ce63e10 code [0x000002363ce63fc0, 0x000002363ce640b8]
Event: 19.775 Thread 0x000002365234d000 7270       3       com.google.common.collect.LinkedHashMultimap$ValueSet$1::next (43 bytes)
Event: 19.776 Thread 0x000002365234d000 nmethod 7270 0x000002363ce64190 code [0x000002363ce643a0, 0x000002363ce649d8]
Event: 19.776 Thread 0x000002365234d000 7271       3       java.lang.CharacterDataLatin1::isLowerCase (20 bytes)
Event: 19.776 Thread 0x000002365234d000 nmethod 7271 0x000002363ce64c10 code [0x000002363ce64de0, 0x000002363ce64fd8]
Event: 19.777 Thread 0x000002365234d000 7272       3       org.gradle.api.internal.tasks.DefaultTaskDependency::<init> (15 bytes)
Event: 19.777 Thread 0x000002365234d000 nmethod 7272 0x000002363ce65110 code [0x000002363ce652e0, 0x000002363ce65558]
Event: 19.781 Thread 0x000002365234d000 7273       3       java.lang.String::lastIndexOf (10 bytes)
Event: 19.781 Thread 0x000002365234d000 nmethod 7273 0x000002363ce65690 code [0x000002363ce65880, 0x000002363ce65c88]
Event: 19.781 Thread 0x000002365234d000 7275       3       java.lang.StringLatin1::lastIndexOf (125 bytes)
Event: 19.782 Thread 0x000002365234d000 nmethod 7275 0x000002363ce65e90 code [0x000002363ce66080, 0x000002363ce664f8]
Event: 19.782 Thread 0x000002365234d000 7274       3       java.lang.String::lastIndexOf (18 bytes)
Event: 19.782 Thread 0x000002365234d000 nmethod 7274 0x000002363ce66790 code [0x000002363ce66960, 0x000002363ce66c28]

GC Heap History (20 events):
Event: 6.034 GC heap before
{Heap before GC invocations=6 (full 0):
 garbage-first heap   total 129024K, used 25501K [0x0000000080000000, 0x0000000100000000)
  region size 1024K, 12 young (12288K), 6 survivors (6144K)
 Metaspace       used 35059K, capacity 35830K, committed 35840K, reserved 1081344K
  class space    used 4539K, capacity 4864K, committed 4864K, reserved 1048576K
}
Event: 6.042 GC heap after
{Heap after GC invocations=7 (full 0):
 garbage-first heap   total 129024K, used 22066K [0x0000000080000000, 0x0000000100000000)
  region size 1024K, 4 young (4096K), 4 survivors (4096K)
 Metaspace       used 35059K, capacity 35830K, committed 35840K, reserved 1081344K
  class space    used 4539K, capacity 4864K, committed 4864K, reserved 1048576K
}
Event: 7.261 GC heap before
{Heap before GC invocations=8 (full 0):
 garbage-first heap   total 129024K, used 76338K [0x0000000080000000, 0x0000000100000000)
  region size 1024K, 55 young (56320K), 4 survivors (4096K)
 Metaspace       used 38723K, capacity 39634K, committed 39884K, reserved 1083392K
  class space    used 4934K, capacity 5252K, committed 5324K, reserved 1048576K
}
Event: 7.270 GC heap after
{Heap after GC invocations=9 (full 0):
 garbage-first heap   total 129024K, used 26067K [0x0000000080000000, 0x0000000100000000)
  region size 1024K, 7 young (7168K), 7 survivors (7168K)
 Metaspace       used 38723K, capacity 39634K, committed 39884K, reserved 1083392K
  class space    used 4934K, capacity 5252K, committed 5324K, reserved 1048576K
}
Event: 8.389 GC heap before
{Heap before GC invocations=9 (full 0):
 garbage-first heap   total 129024K, used 79315K [0x0000000080000000, 0x0000000100000000)
  region size 1024K, 59 young (60416K), 7 survivors (7168K)
 Metaspace       used 43662K, capacity 44766K, committed 44876K, reserved 1087488K
  class space    used 5577K, capacity 5935K, committed 5964K, reserved 1048576K
}
Event: 8.400 GC heap after
{Heap after GC invocations=10 (full 0):
 garbage-first heap   total 129024K, used 28555K [0x0000000080000000, 0x0000000100000000)
  region size 1024K, 7 young (7168K), 7 survivors (7168K)
 Metaspace       used 43662K, capacity 44766K, committed 44876K, reserved 1087488K
  class space    used 5577K, capacity 5935K, committed 5964K, reserved 1048576K
}
Event: 10.068 GC heap before
{Heap before GC invocations=10 (full 0):
 garbage-first heap   total 129024K, used 82827K [0x0000000080000000, 0x0000000100000000)
  region size 1024K, 60 young (61440K), 7 survivors (7168K)
 Metaspace       used 47009K, capacity 48286K, committed 48460K, reserved 1091584K
  class space    used 6007K, capacity 6443K, committed 6476K, reserved 1048576K
}
Event: 10.076 GC heap after
{Heap after GC invocations=11 (full 0):
 garbage-first heap   total 129024K, used 31529K [0x0000000080000000, 0x0000000100000000)
  region size 1024K, 6 young (6144K), 6 survivors (6144K)
 Metaspace       used 47009K, capacity 48286K, committed 48460K, reserved 1091584K
  class space    used 6007K, capacity 6443K, committed 6476K, reserved 1048576K
}
Event: 11.299 GC heap before
{Heap before GC invocations=11 (full 0):
 garbage-first heap   total 129024K, used 90921K [0x0000000080000000, 0x0000000100000000)
  region size 1024K, 60 young (61440K), 6 survivors (6144K)
 Metaspace       used 52601K, capacity 54011K, committed 54092K, reserved 1095680K
  class space    used 6734K, capacity 7184K, committed 7244K, reserved 1048576K
}
Event: 11.310 GC heap after
{Heap after GC invocations=12 (full 0):
 garbage-first heap   total 129024K, used 43185K [0x0000000080000000, 0x0000000100000000)
  region size 1024K, 8 young (8192K), 8 survivors (8192K)
 Metaspace       used 52601K, capacity 54011K, committed 54092K, reserved 1095680K
  class space    used 6734K, capacity 7184K, committed 7244K, reserved 1048576K
}
Event: 12.053 GC heap before
{Heap before GC invocations=12 (full 0):
 garbage-first heap   total 129024K, used 79025K [0x0000000080000000, 0x0000000100000000)
  region size 1024K, 44 young (45056K), 8 survivors (8192K)
 Metaspace       used 58598K, capacity 60156K, committed 60236K, reserved 1101824K
  class space    used 7436K, capacity 7992K, committed 8012K, reserved 1048576K
}
Event: 12.071 GC heap after
{Heap after GC invocations=13 (full 0):
 garbage-first heap   total 129024K, used 45611K [0x0000000080000000, 0x0000000100000000)
  region size 1024K, 3 young (3072K), 3 survivors (3072K)
 Metaspace       used 58598K, capacity 60156K, committed 60236K, reserved 1101824K
  class space    used 7436K, capacity 7992K, committed 8012K, reserved 1048576K
}
Event: 13.375 GC heap before
{Heap before GC invocations=14 (full 0):
 garbage-first heap   total 129024K, used 90667K [0x0000000080000000, 0x0000000100000000)
  region size 1024K, 47 young (48128K), 3 survivors (3072K)
 Metaspace       used 62671K, capacity 64223K, committed 64460K, reserved 1105920K
  class space    used 7950K, capacity 8526K, committed 8652K, reserved 1048576K
}
Event: 13.387 GC heap after
{Heap after GC invocations=15 (full 0):
 garbage-first heap   total 129024K, used 50106K [0x0000000080000000, 0x0000000100000000)
  region size 1024K, 6 young (6144K), 6 survivors (6144K)
 Metaspace       used 62671K, capacity 64223K, committed 64460K, reserved 1105920K
  class space    used 7950K, capacity 8526K, committed 8652K, reserved 1048576K
}
Event: 14.354 GC heap before
{Heap before GC invocations=16 (full 0):
 garbage-first heap   total 129024K, used 95162K [0x0000000080000000, 0x0000000100000000)
  region size 1024K, 50 young (51200K), 6 survivors (6144K)
 Metaspace       used 64283K, capacity 65913K, committed 66124K, reserved 1105920K
  class space    used 8180K, capacity 8743K, committed 8780K, reserved 1048576K
}
Event: 14.366 GC heap after
{Heap after GC invocations=17 (full 0):
 garbage-first heap   total 155648K, used 53092K [0x0000000080000000, 0x0000000100000000)
  region size 1024K, 4 young (4096K), 4 survivors (4096K)
 Metaspace       used 64283K, capacity 65913K, committed 66124K, reserved 1105920K
  class space    used 8180K, capacity 8743K, committed 8780K, reserved 1048576K
}
Event: 17.191 GC heap before
{Heap before GC invocations=17 (full 0):
 garbage-first heap   total 155648K, used 107364K [0x0000000080000000, 0x0000000100000000)
  region size 1024K, 57 young (58368K), 4 survivors (4096K)
 Metaspace       used 68738K, capacity 70346K, committed 70476K, reserved 1110016K
  class space    used 8898K, capacity 9509K, committed 9548K, reserved 1048576K
}
Event: 17.202 GC heap after
{Heap after GC invocations=18 (full 0):
 garbage-first heap   total 155648K, used 56464K [0x0000000080000000, 0x0000000100000000)
  region size 1024K, 8 young (8192K), 8 survivors (8192K)
 Metaspace       used 68738K, capacity 70346K, committed 70476K, reserved 1110016K
  class space    used 8898K, capacity 9509K, committed 9548K, reserved 1048576K
}
Event: 19.258 GC heap before
{Heap before GC invocations=18 (full 0):
 garbage-first heap   total 155648K, used 110736K [0x0000000080000000, 0x0000000100000000)
  region size 1024K, 61 young (62464K), 8 survivors (8192K)
 Metaspace       used 72715K, capacity 74503K, committed 74700K, reserved 1114112K
  class space    used 9519K, capacity 10160K, committed 10188K, reserved 1048576K
}
Event: 19.266 GC heap after
{Heap after GC invocations=19 (full 0):
 garbage-first heap   total 155648K, used 60059K [0x0000000080000000, 0x0000000100000000)
  region size 1024K, 7 young (7168K), 7 survivors (7168K)
 Metaspace       used 72715K, capacity 74503K, committed 74700K, reserved 1114112K
  class space    used 9519K, capacity 10160K, committed 10188K, reserved 1048576K
}

Deoptimization events (20 events):
Event: 19.564 Thread 0x0000023655370000 DEOPT PACKING pc=0x000002363c9e8163 sp=0x00000087401f9630
Event: 19.564 Thread 0x0000023655370000 DEOPT UNPACKING pc=0x000002363b9d76ce sp=0x00000087401f8ae0 mode 0
Event: 19.564 Thread 0x0000023655370000 DEOPT PACKING pc=0x000002363c9e8163 sp=0x00000087401f9630
Event: 19.564 Thread 0x0000023655370000 DEOPT UNPACKING pc=0x000002363b9d76ce sp=0x00000087401f8ae0 mode 0
Event: 19.564 Thread 0x0000023655370000 DEOPT PACKING pc=0x000002363c9e8163 sp=0x00000087401f9630
Event: 19.564 Thread 0x0000023655370000 DEOPT UNPACKING pc=0x000002363b9d76ce sp=0x00000087401f8ae0 mode 0
Event: 19.564 Thread 0x0000023655370000 DEOPT PACKING pc=0x000002363c9e8163 sp=0x00000087401f9630
Event: 19.564 Thread 0x0000023655370000 DEOPT UNPACKING pc=0x000002363b9d76ce sp=0x00000087401f8ae0 mode 0
Event: 19.564 Thread 0x0000023655370000 DEOPT PACKING pc=0x000002363c9e8163 sp=0x00000087401f9630
Event: 19.564 Thread 0x0000023655370000 DEOPT UNPACKING pc=0x000002363b9d76ce sp=0x00000087401f8ae0 mode 0
Event: 19.573 Thread 0x0000023655370000 Uncommon trap: trap_request=0xffffff4d fr.pc=0x000002364382201c relative=0x0000000000001abc
Event: 19.573 Thread 0x0000023655370000 Uncommon trap: reason=unstable_if action=reinterpret pc=0x000002364382201c method=java.util.regex.Pattern.atom()Ljava/util/regex/Pattern$Node; @ 14 c2
Event: 19.573 Thread 0x0000023655370000 DEOPT PACKING pc=0x000002364382201c sp=0x00000087401f93a0
Event: 19.573 Thread 0x0000023655370000 DEOPT UNPACKING pc=0x000002363b9d78af sp=0x00000087401f9378 mode 2
Event: 19.576 Thread 0x0000023655370000 Uncommon trap: trap_request=0xffffff4d fr.pc=0x0000023643689438 relative=0x0000000000000078
Event: 19.576 Thread 0x0000023655370000 Uncommon trap: reason=unstable_if action=reinterpret pc=0x0000023643689438 method=java.util.regex.Matcher.find()Z @ 10 c2
Event: 19.576 Thread 0x0000023655370000 DEOPT PACKING pc=0x0000023643689438 sp=0x00000087401f98a0
Event: 19.576 Thread 0x0000023655370000 DEOPT UNPACKING pc=0x000002363b9d78af sp=0x00000087401f9820 mode 2
Event: 19.731 Thread 0x0000023655370000 DEOPT PACKING pc=0x000002363cb56927 sp=0x00000087401f98e0
Event: 19.731 Thread 0x0000023655370000 DEOPT UNPACKING pc=0x000002363b9d76ce sp=0x00000087401f8d90 mode 0

Classes redefined (0 events):
No events

Internal exceptions (20 events):
Event: 17.414 Thread 0x0000023655370000 Exception <a 'java/lang/ClassNotFoundException'{0x0000000088e851b0}: org/gradle/api/internal/file/AbstractFileCollectionBeanInfo> (0x0000000088e851b0) thrown at [./src/hotspot/share/classfile/systemDictionary.cpp, line 231]
Event: 17.415 Thread 0x0000023655370000 Exception <a 'java/lang/ClassNotFoundException'{0x0000000088e9e7e0}: org/gradle/api/internal/file/AbstractFileCollectionCustomizer> (0x0000000088e9e7e0) thrown at [./src/hotspot/share/classfile/systemDictionary.cpp, line 231]
Event: 17.419 Thread 0x0000023655370000 Exception <a 'java/lang/ClassNotFoundException'{0x0000000088eda170}: org/gradle/api/internal/artifacts/configurations/DefaultConfigurationCustomizer> (0x0000000088eda170) thrown at [./src/hotspot/share/classfile/systemDictionary.cpp, line 231]
Event: 17.424 Thread 0x0000023655370000 Exception <a 'java/lang/ClassNotFoundException'{0x0000000088d554e0}: org/gradle/api/internal/artifacts/configurations/DefaultConfiguration_DecoratedCustomizer> (0x0000000088d554e0) thrown at [./src/hotspot/share/classfile/systemDictionary.cpp, line 231]
Event: 17.461 Thread 0x0000023655370000 Exception <a 'java/lang/ClassNotFoundException'{0x0000000088bdc868}: org/codehaus/groovy/runtime/MethodClosureBeanInfo> (0x0000000088bdc868) thrown at [./src/hotspot/share/classfile/systemDictionary.cpp, line 231]
Event: 17.470 Thread 0x0000023655370000 Exception <a 'java/lang/ClassNotFoundException'{0x00000000889b50c0}: org/codehaus/groovy/runtime/MethodClosureCustomizer> (0x00000000889b50c0) thrown at [./src/hotspot/share/classfile/systemDictionary.cpp, line 231]
Event: 17.486 Thread 0x0000023655370000 Exception <a 'java/lang/ClassNotFoundException'{0x000000008881e088}: org/gradle/api/internal/artifacts/configurations/DefaultConfiguration$ConfigurationResolvableDependencies_DecoratedBeanInfo> (0x000000008881e088) thrown at [./src/hotspot/share/classfile/systemDictionary.cpp, line 231]
Event: 17.489 Thread 0x0000023655370000 Exception <a 'java/lang/ClassNotFoundException'{0x000000008884fca8}: org/gradle/api/internal/artifacts/configurations/DefaultConfiguration$ConfigurationResolvableDependenciesBeanInfo> (0x000000008884fca8) thrown at [./src/hotspot/share/classfile/systemDictionary.cpp, line 231]
Event: 17.495 Thread 0x0000023655370000 Exception <a 'java/lang/ClassNotFoundException'{0x00000000888834e8}: org/gradle/api/internal/artifacts/configurations/DefaultConfiguration$ConfigurationResolvableDependenciesCustomizer> (0x00000000888834e8) thrown at [./src/hotspot/share/classfile/systemDictionary.cpp, line 231]
Event: 17.501 Thread 0x0000023655370000 Exception <a 'java/lang/ClassNotFoundException'{0x00000000888c7fe0}: org/gradle/api/internal/artifacts/configurations/DefaultConfiguration$ConfigurationResolvableDependencies_DecoratedCustomizer> (0x00000000888c7fe0) thrown at [./src/hotspot/share/classfile/systemDictionary.cpp, line 231]
Event: 18.820 Thread 0x0000023655370000 Exception <a 'sun/nio/fs/WindowsException'{0x000000008732c000}> (0x000000008732c000) thrown at [./src/hotspot/share/prims/jni.cpp, line 615]
Event: 18.823 Thread 0x0000023655370000 Exception <a 'sun/nio/fs/WindowsException'{0x000000008732c5c8}> (0x000000008732c5c8) thrown at [./src/hotspot/share/prims/jni.cpp, line 615]
Event: 19.007 Thread 0x0000023655370000 Exception <a 'java/lang/NullPointerException'{0x0000000086bc3970}> (0x0000000086bc3970) thrown at [./src/hotspot/share/interpreter/linkResolver.cpp, line 1440]
Event: 19.219 Thread 0x0000023655370000 Implicit null exception at 0x00000236438b4609 to 0x00000236438b4cc8
Event: 19.463 Thread 0x0000023655370000 Exception <a 'java/lang/NoSuchMethodError'{0x0000000089177260}: 'int java.lang.invoke.DirectMethodHandle$Holder.invokeStatic(java.lang.Object, java.lang.Object, int, java.lang.Object)'> (0x0000000089177260) thrown at [./src/hotspot/share/interpreter/linkResolver.cpp, line 773]
Event: 19.464 Thread 0x0000023655370000 Exception <a 'java/lang/NoSuchMethodError'{0x000000008917e030}: 'java.lang.Object java.lang.invoke.Invokers$Holder.linkToTargetMethod(java.lang.Object, int, java.lang.Object)'> (0x000000008917e030) thrown at [./src/hotspot/share/interpreter/linkResolver.cpp, line 773]
Event: 19.615 Thread 0x0000023655370000 Exception <a 'sun/nio/fs/WindowsException'{0x00000000890a9388}> (0x00000000890a9388) thrown at [./src/hotspot/share/prims/jni.cpp, line 615]
Event: 19.617 Thread 0x0000023655370000 Exception <a 'sun/nio/fs/WindowsException'{0x00000000890aa480}> (0x00000000890aa480) thrown at [./src/hotspot/share/prims/jni.cpp, line 615]
Event: 19.617 Thread 0x0000023655370000 Exception <a 'sun/nio/fs/WindowsException'{0x00000000890ab5b0}> (0x00000000890ab5b0) thrown at [./src/hotspot/share/prims/jni.cpp, line 615]
Event: 19.618 Thread 0x0000023655370000 Exception <a 'sun/nio/fs/WindowsException'{0x00000000890ac6e0}> (0x00000000890ac6e0) thrown at [./src/hotspot/share/prims/jni.cpp, line 615]

Events (20 events):
Event: 19.742 loading class org/gradle/api/internal/artifacts/ivyservice/InMemoryResolutionResultBuilder
Event: 19.742 loading class org/gradle/api/internal/artifacts/ivyservice/InMemoryResolutionResultBuilder done
Event: 19.743 loading class org/gradle/api/internal/artifacts/ivyservice/ivyresolve/NoRepositoriesResolver
Event: 19.743 loading class org/gradle/api/internal/artifacts/ivyservice/ivyresolve/NoRepositoriesResolver done
Event: 19.751 loading class org/gradle/internal/component/local/model/PublishArtifactLocalArtifactMetadata
Event: 19.751 loading class org/gradle/internal/component/local/model/PublishArtifactLocalArtifactMetadata done
Event: 19.752 loading class org/gradle/api/artifacts/PublishArtifact
Event: 19.752 loading class org/gradle/api/artifacts/PublishArtifact done
Event: 19.759 loading class org/gradle/api/internal/artifacts/publish/DefaultPublishArtifact
Event: 19.759 loading class org/gradle/api/internal/artifacts/publish/DefaultPublishArtifact done
Event: 19.760 loading class org/gradle/api/artifacts/PublishArtifact
Event: 19.760 loading class org/gradle/api/artifacts/PublishArtifact done
Event: 19.760 loading class org/gradle/api/artifacts/PublishArtifact
Event: 19.760 loading class org/gradle/api/artifacts/PublishArtifact done
Event: 19.762 loading class org/gradle/api/internal/artifacts/ivyservice/moduleconverter/DefaultLocalComponentMetadataBuilder$NestedVariantIdentifier
Event: 19.762 loading class org/gradle/api/internal/artifacts/ivyservice/moduleconverter/DefaultLocalComponentMetadataBuilder$NestedVariantIdentifier done
Event: 19.768 loading class com/android/build/gradle/internal/packaging/JarCreatorType
Event: 19.768 loading class com/android/build/gradle/internal/packaging/JarCreatorType done
Event: 19.777 loading class com/android/build/gradle/internal/tasks/featuresplit/FeatureSetMetadata
Event: 19.777 loading class com/android/build/gradle/internal/tasks/featuresplit/FeatureSetMetadata done


Dynamic libraries:
0x00007ff736f70000 - 0x00007ff736f7a000 	C:\Program Files\Android\Android Studio\jre\bin\java.exe
0x00007ff8e6230000 - 0x00007ff8e6425000 	C:\WINDOWS\SYSTEM32\ntdll.dll
0x00007ff8a5a10000 - 0x00007ff8a5a26000 	C:\Program Files\Avast Software\Avast\aswhook.dll
0x00007ff8e4db0000 - 0x00007ff8e4e6e000 	C:\WINDOWS\System32\KERNEL32.DLL
0x00007ff8e3a80000 - 0x00007ff8e3d48000 	C:\WINDOWS\System32\KERNELBASE.dll
0x00007ff8e4130000 - 0x00007ff8e4230000 	C:\WINDOWS\System32\ucrtbase.dll
0x00007ff8c5f40000 - 0x00007ff8c5f59000 	C:\Program Files\Android\Android Studio\jre\bin\jli.dll
0x00007ff8c52e0000 - 0x00007ff8c52f7000 	C:\Program Files\Android\Android Studio\jre\bin\VCRUNTIME140.dll
0x00007ff8e4920000 - 0x00007ff8e4ac1000 	C:\WINDOWS\System32\USER32.dll
0x00007ff8e3d50000 - 0x00007ff8e3d72000 	C:\WINDOWS\System32\win32u.dll
0x00007ff8e4d80000 - 0x00007ff8e4dab000 	C:\WINDOWS\System32\GDI32.dll
0x00007ff8e3e90000 - 0x00007ff8e3f9b000 	C:\WINDOWS\System32\gdi32full.dll
0x00007ff8e39e0000 - 0x00007ff8e3a7d000 	C:\WINDOWS\System32\msvcp_win.dll
0x00007ff8ccb90000 - 0x00007ff8cce2a000 	C:\WINDOWS\WinSxS\amd64_microsoft.windows.common-controls_6595b64144ccf1df_6.0.19041.1110_none_60b5254171f9507e\COMCTL32.dll
0x00007ff8e5b30000 - 0x00007ff8e5bce000 	C:\WINDOWS\System32\msvcrt.dll
0x00007ff8e5fa0000 - 0x00007ff8e5fd0000 	C:\WINDOWS\System32\IMM32.DLL
0x00007ff89f1a0000 - 0x00007ff89f23d000 	C:\Program Files\Android\Android Studio\jre\bin\msvcp140.dll
0x00007ff85cf20000 - 0x00007ff85d9ef000 	C:\Program Files\Android\Android Studio\jre\bin\server\jvm.dll
0x00007ff8e4740000 - 0x00007ff8e47ec000 	C:\WINDOWS\System32\ADVAPI32.dll
0x00007ff8e5350000 - 0x00007ff8e53eb000 	C:\WINDOWS\System32\sechost.dll
0x00007ff8e4ad0000 - 0x00007ff8e4bfa000 	C:\WINDOWS\System32\RPCRT4.dll
0x00007ff8e42b0000 - 0x00007ff8e42b8000 	C:\WINDOWS\System32\PSAPI.DLL
0x00007ff8cf8c0000 - 0x00007ff8cf8c9000 	C:\WINDOWS\SYSTEM32\WSOCK32.dll
0x00007ff8da530000 - 0x00007ff8da53a000 	C:\WINDOWS\SYSTEM32\VERSION.dll
0x00007ff8e4ed0000 - 0x00007ff8e4f3b000 	C:\WINDOWS\System32\WS2_32.dll
0x00007ff8ccfe0000 - 0x00007ff8cd007000 	C:\WINDOWS\SYSTEM32\WINMM.dll
0x00007ff8e2210000 - 0x00007ff8e2222000 	C:\WINDOWS\SYSTEM32\kernel.appcore.dll
0x00007ff8c5e70000 - 0x00007ff8c5e81000 	C:\Program Files\Android\Android Studio\jre\bin\verify.dll
0x00007ff8ddfa0000 - 0x00007ff8de184000 	C:\WINDOWS\SYSTEM32\DBGHELP.DLL
0x00007ff8d1080000 - 0x00007ff8d10ac000 	C:\WINDOWS\SYSTEM32\dbgcore.DLL
0x00007ff8e3950000 - 0x00007ff8e39d3000 	C:\WINDOWS\System32\bcryptPrimitives.dll
0x00007ff8c45b0000 - 0x00007ff8c45d9000 	C:\Program Files\Android\Android Studio\jre\bin\java.dll
0x00007ff8c5f30000 - 0x00007ff8c5f3b000 	C:\Program Files\Android\Android Studio\jre\bin\jimage.dll
0x00007ff8c5e50000 - 0x00007ff8c5e68000 	C:\Program Files\Android\Android Studio\jre\bin\zip.dll
0x00007ff8e53f0000 - 0x00007ff8e5b2f000 	C:\WINDOWS\System32\SHELL32.dll
0x00007ff8de9c0000 - 0x00007ff8df150000 	C:\WINDOWS\SYSTEM32\windows.storage.dll
0x00007ff8e5be0000 - 0x00007ff8e5f35000 	C:\WINDOWS\System32\combase.dll
0x00007ff8e33a0000 - 0x00007ff8e33ce000 	C:\WINDOWS\SYSTEM32\Wldp.dll
0x00007ff8e4870000 - 0x00007ff8e491d000 	C:\WINDOWS\System32\SHCORE.dll
0x00007ff8e4e70000 - 0x00007ff8e4ec5000 	C:\WINDOWS\System32\shlwapi.dll
0x00007ff8e3890000 - 0x00007ff8e38af000 	C:\WINDOWS\SYSTEM32\profapi.dll
0x00007ff8c4590000 - 0x00007ff8c45aa000 	C:\Program Files\Android\Android Studio\jre\bin\net.dll
0x00007ff8d1e40000 - 0x00007ff8d1f4c000 	C:\WINDOWS\SYSTEM32\WINHTTP.dll
0x00007ff8e3100000 - 0x00007ff8e316a000 	C:\WINDOWS\system32\mswsock.dll
0x00007ff8c4210000 - 0x00007ff8c4224000 	C:\Program Files\Android\Android Studio\jre\bin\nio.dll
0x00007ff8c4bc0000 - 0x00007ff8c4be7000 	C:\Users\Robert\.gradle\native\8bec1ad78214c89d9ad589b4d07fe93259594b29d510b10fafb7a158f7737e5d\windows-amd64\native-platform.dll
0x00007ff896620000 - 0x00007ff89675d000 	C:\Users\Robert\.gradle\native\53dbd7edfb1c66fb8903c78663c9afc45aea4f116125fa6feffd364cf09443e8\windows-amd64\native-platform-file-events.dll
0x00007ff8c3f70000 - 0x00007ff8c3f7a000 	C:\Program Files\Android\Android Studio\jre\bin\management.dll
0x00007ff8c3f60000 - 0x00007ff8c3f6c000 	C:\Program Files\Android\Android Studio\jre\bin\management_ext.dll
0x00007ff8e32f0000 - 0x00007ff8e3308000 	C:\WINDOWS\SYSTEM32\CRYPTSP.dll
0x00007ff8e2a10000 - 0x00007ff8e2a44000 	C:\WINDOWS\system32\rsaenh.dll
0x00007ff8e4100000 - 0x00007ff8e4127000 	C:\WINDOWS\System32\bcrypt.dll
0x00007ff8e3810000 - 0x00007ff8e383e000 	C:\WINDOWS\SYSTEM32\USERENV.dll
0x00007ff8e3310000 - 0x00007ff8e331c000 	C:\WINDOWS\SYSTEM32\CRYPTBASE.dll
0x00007ff8e2da0000 - 0x00007ff8e2ddb000 	C:\WINDOWS\SYSTEM32\IPHLPAPI.DLL
0x00007ff8e42a0000 - 0x00007ff8e42a8000 	C:\WINDOWS\System32\NSI.dll
0x00007ff8d80d0000 - 0x00007ff8d80e7000 	C:\WINDOWS\SYSTEM32\dhcpcsvc6.DLL
0x00007ff8d8460000 - 0x00007ff8d847d000 	C:\WINDOWS\SYSTEM32\dhcpcsvc.DLL
0x00007ff8e2de0000 - 0x00007ff8e2eab000 	C:\WINDOWS\SYSTEM32\DNSAPI.dll

dbghelp: loaded successfully - version: 4.0.5 - missing functions: none
symbol engine: initialized successfully - sym options: 0x614 - pdb path: .;C:\Program Files\Android\Android Studio\jre\bin;C:\WINDOWS\SYSTEM32;C:\Program Files\Avast Software\Avast;C:\WINDOWS\WinSxS\amd64_microsoft.windows.common-controls_6595b64144ccf1df_6.0.19041.1110_none_60b5254171f9507e;C:\Program Files\Android\Android Studio\jre\bin\server;C:\Users\Robert\.gradle\native\8bec1ad78214c89d9ad589b4d07fe93259594b29d510b10fafb7a158f7737e5d\windows-amd64;C:\Users\Robert\.gradle\native\53dbd7edfb1c66fb8903c78663c9afc45aea4f116125fa6feffd364cf09443e8\windows-amd64

VM Arguments:
jvm_args: --add-opens=java.base/java.util=ALL-UNNAMED --add-opens=java.base/java.lang=ALL-UNNAMED --add-opens=java.base/java.lang.invoke=ALL-UNNAMED --add-opens=java.base/java.util=ALL-UNNAMED --add-opens=java.prefs/java.util.prefs=ALL-UNNAMED --add-opens=java.prefs/java.util.prefs=ALL-UNNAMED --add-opens=java.base/java.nio.charset=ALL-UNNAMED --add-opens=java.base/java.net=ALL-UNNAMED --add-opens=java.base/java.util.concurrent.atomic=ALL-UNNAMED -Xmx2048m -Dfile.encoding=UTF-8 -Duser.country=US -Duser.language=en -Duser.variant 
java_command: org.gradle.launcher.daemon.bootstrap.GradleDaemon 7.0.2
java_class_path (initial): C:\Users\Robert\.gradle\wrapper\dists\gradle-7.0.2-bin\857tjihv64xamwrf0h14cai3r\gradle-7.0.2\lib\gradle-launcher-7.0.2.jar
Launcher Type: SUN_STANDARD

[Global flags]
     intx CICompilerCount                          = 4                                         {product} {ergonomic}
     uint ConcGCThreads                            = 2                                         {product} {ergonomic}
     uint G1ConcRefinementThreads                  = 8                                         {product} {ergonomic}
   size_t G1HeapRegionSize                         = 1048576                                   {product} {ergonomic}
    uintx GCDrainStackTargetSize                   = 64                                        {product} {ergonomic}
   size_t InitialHeapSize                          = 132120576                                 {product} {ergonomic}
   size_t MarkStackSize                            = 4194304                                   {product} {ergonomic}
   size_t MaxHeapSize                              = 2147483648                                {product} {command line}
   size_t MaxNewSize                               = 1287651328                                {product} {ergonomic}
   size_t MinHeapDeltaBytes                        = 1048576                                   {product} {ergonomic}
    uintx NonNMethodCodeHeapSize                   = 5836300                                {pd product} {ergonomic}
    uintx NonProfiledCodeHeapSize                  = 122910970                              {pd product} {ergonomic}
    uintx ProfiledCodeHeapSize                     = 122910970                              {pd product} {ergonomic}
    uintx ReservedCodeCacheSize                    = 251658240                              {pd product} {ergonomic}
     bool SegmentedCodeCache                       = true                                      {product} {ergonomic}
     bool UseCompressedClassPointers               = true                                 {lp64_product} {ergonomic}
     bool UseCompressedOops                        = true                                 {lp64_product} {ergonomic}
     bool UseG1GC                                  = true                                      {product} {ergonomic}
     bool UseLargePagesIndividualAllocation        = false                                  {pd product} {ergonomic}

Logging:
Log output configuration:
 #0: stdout all=warning uptime,level,tags
 #1: stderr all=off uptime,level,tags

Environment Variables:
JAVA_HOME=C:\Program Files\Java\jdk-13.0.1
PATH=C:\Program Files\AdoptOpenJDK\jre-8.0.222.10-hotspot\bin;C:\WINDOWS\system32;C:\WINDOWS;C:\WINDOWS\System32\Wbem;C:\WINDOWS\System32\WindowsPowerShell\v1.0\;C:\WINDOWS\System32\OpenSSH\;C:\Program Files\Intel\WiFi\bin\;C:\Program Files\Common Files\Intel\WirelessCommon\;C:\Program Files\java\jdk1.7.0\bin;C:\Program Files (x86)\mingw-w64\i686-8.1.0-posix-dwarf-rt_v6-rev0\mingw32\bin;C:\Program Files\MATLAB\MATLAB Production Server\R2015a\runtime\win64;C:\Program Files\MATLAB\MATLAB Production Server\R2015a\bin;C:\Program Files\MATLAB\MATLAB Production Server\R2015a\polyspace\bin;C:\Program Files (x86)\Wolfram Research\WolframScript\;C:\Program Files\Git\cmd;C:\Program Files\nodejs\;C:\Program Files\MySQL\MySQL Shell 8.0\bin\;C:\Users\Robert\AppData\Local\Microsoft\WindowsApps;C:\Program Files\Java\jdk-13.0.1\bin;;C:\Users\Robert\AppData\Local\Programs\Microsoft VS Code\bin;C:\Users\Robert\AppData\Roaming\npm
USERNAME=Sara
OS=Windows_NT
PROCESSOR_IDENTIFIER=Intel64 Family 6 Model 142 Stepping 12, GenuineIntel



---------------  S Y S T E M  ---------------

OS: Windows 10 , 64 bit Build 19041 (10.0.19041.1348)
OS uptime: 0 days 8:56 hours

CPU:total 8 (initial active 8) (4 cores per cpu, 2 threads per core) family 6 model 142 stepping 12 microcode 0xb8, cmov, cx8, fxsr, mmx, sse, sse2, sse3, ssse3, sse4.1, sse4.2, popcnt, avx, avx2, aes, clmul, erms, 3dnowpref, lzcnt, ht, tsc, tscinvbit, bmi1, bmi2, adx, fma

Memory: 4k page, system-wide physical 8043M (642M free)
TotalPageFile size 14127M (AvailPageFile size 0M)
current process WorkingSet (physical memory assigned to process): 361M, peak: 361M
current process commit charge ("private bytes"): 398M, peak: 402M

vm_info: OpenJDK 64-Bit Server VM (11.0.10+0-b96-7249189) for windows-amd64 JRE (11.0.10+0-b96-7249189), built on Mar 31 2021 21:44:00 by "builder" with MS VC++ 14.0 (VS2015)

END.
